CRITICAL - 2024-08-26 01:59:56 --> CodeIgniter\View\Exceptions\ViewException: Invalid file: "verCiudadanos.php"
[Method: GET, Route: eliminarCiudadano/1027318250807]
in SYSTEMPATH\Exceptions\FrameworkException.php on line 41.
 1 SYSTEMPATH\View\View.php(222): CodeIgniter\Exceptions\FrameworkException::forInvalidFile('verCiudadanos.php')
 2 SYSTEMPATH\Common.php(1171): CodeIgniter\View\View->render('verCiudadanos', [], true)
 3 APPPATH\Controllers\CiudadanosController.php(22): view('verCiudadanos')
 4 SYSTEMPATH\CodeIgniter.php(933): App\Controllers\CiudadanosController->eliminarCiudadanos('1027318250807')
 5 SYSTEMPATH\CodeIgniter.php(509): CodeIgniter\CodeIgniter->runController(Object(App\Controllers\CiudadanosController))
 6 SYSTEMPATH\CodeIgniter.php(355): CodeIgniter\CodeIgniter->handleRequest(null, Object(Config\Cache), false)
 7 SYSTEMPATH\Boot.php(325): CodeIgniter\CodeIgniter->run()
 8 SYSTEMPATH\Boot.php(67): CodeIgniter\Boot::runCodeIgniter(Object(CodeIgniter\CodeIgniter))
 9 FCPATH\index.php(56): CodeIgniter\Boot::bootWeb(Object(Config\Paths))
CRITICAL - 2024-08-26 02:00:54 --> ErrorException: Undefined variable $resultado
[Method: GET, Route: eliminarCiudadano/1027350170109]
in APPPATH\Views\view_ciudadanos.php on line 143.
 1 APPPATH\Views\view_ciudadanos.php(143): CodeIgniter\Debug\Exceptions->errorHandler(2, 'Undefined variable $resultado', 'C:\\xampp\\htdocs\\Proyectos2024\\renap\\app\\Views\\view_ciudadanos.php', 143)
 2 SYSTEMPATH\View\View.php(234): include('C:\\xampp\\htdocs\\Proyectos2024\\renap\\app\\Views\\view_ciudadanos.php')
 3 SYSTEMPATH\View\View.php(237): CodeIgniter\View\View->CodeIgniter\View\{closure}()
 4 SYSTEMPATH\Common.php(1171): CodeIgniter\View\View->render('view_ciudadanos', [], true)
 5 APPPATH\Controllers\CiudadanosController.php(22): view('view_ciudadanos')
 6 SYSTEMPATH\CodeIgniter.php(933): App\Controllers\CiudadanosController->eliminarCiudadanos('1027350170109')
 7 SYSTEMPATH\CodeIgniter.php(509): CodeIgniter\CodeIgniter->runController(Object(App\Controllers\CiudadanosController))
 8 SYSTEMPATH\CodeIgniter.php(355): CodeIgniter\CodeIgniter->handleRequest(null, Object(Config\Cache), false)
 9 SYSTEMPATH\Boot.php(325): CodeIgniter\CodeIgniter->run()
10 SYSTEMPATH\Boot.php(67): CodeIgniter\Boot::runCodeIgniter(Object(CodeIgniter\CodeIgniter))
11 FCPATH\index.php(56): CodeIgniter\Boot::bootWeb(Object(Config\Paths))
