CRITICAL - 2024-08-25 00:58:56 --> CodeIgniter\View\Exceptions\ViewException: Invalid file: ".php"
[Method: GET, Route: registrarCiudadano]
in SYSTEMPATH\Exceptions\FrameworkException.php on line 41.
 1 SYSTEMPATH\View\View.php(222): CodeIgniter\Exceptions\FrameworkException::forInvalidFile('.php')
 2 SYSTEMPATH\Common.php(1171): CodeIgniter\View\View->render('', [], true)
 3 APPPATH\Controllers\CiudadanosController.php(16): view('')
 4 SYSTEMPATH\CodeIgniter.php(933): App\Controllers\CiudadanosController->registrarCiudadano()
 5 SYSTEMPATH\CodeIgniter.php(509): CodeIgniter\CodeIgniter->runController(Object(App\Controllers\CiudadanosController))
 6 SYSTEMPATH\CodeIgniter.php(355): CodeIgniter\CodeIgniter->handleRequest(null, Object(Config\Cache), false)
 7 SYSTEMPATH\Boot.php(325): CodeIgniter\CodeIgniter->run()
 8 SYSTEMPATH\Boot.php(67): CodeIgniter\Boot::runCodeIgniter(Object(CodeIgniter\CodeIgniter))
 9 FCPATH\index.php(56): CodeIgniter\Boot::bootWeb(Object(Config\Paths))
CRITICAL - 2024-08-25 01:07:41 --> CodeIgniter\View\Exceptions\ViewException: Invalid file: ".php"
[Method: GET, Route: registrarCiudadano]
in SYSTEMPATH\Exceptions\FrameworkException.php on line 41.
 1 SYSTEMPATH\View\View.php(222): CodeIgniter\Exceptions\FrameworkException::forInvalidFile('.php')
 2 SYSTEMPATH\Common.php(1171): CodeIgniter\View\View->render('', [], true)
 3 APPPATH\Controllers\CiudadanosController.php(16): view('')
 4 SYSTEMPATH\CodeIgniter.php(933): App\Controllers\CiudadanosController->registrarCiudadano()
 5 SYSTEMPATH\CodeIgniter.php(509): CodeIgniter\CodeIgniter->runController(Object(App\Controllers\CiudadanosController))
 6 SYSTEMPATH\CodeIgniter.php(355): CodeIgniter\CodeIgniter->handleRequest(null, Object(Config\Cache), false)
 7 SYSTEMPATH\Boot.php(325): CodeIgniter\CodeIgniter->run()
 8 SYSTEMPATH\Boot.php(67): CodeIgniter\Boot::runCodeIgniter(Object(CodeIgniter\CodeIgniter))
 9 FCPATH\index.php(56): CodeIgniter\Boot::bootWeb(Object(Config\Paths))
CRITICAL - 2024-08-25 01:51:15 --> CodeIgniter\View\Exceptions\ViewException: Invalid file: ".php"
[Method: GET, Route: registrarCiudadano]
in SYSTEMPATH\Exceptions\FrameworkException.php on line 41.
 1 SYSTEMPATH\View\View.php(222): CodeIgniter\Exceptions\FrameworkException::forInvalidFile('.php')
 2 SYSTEMPATH\Common.php(1171): CodeIgniter\View\View->render('', [], true)
 3 APPPATH\Controllers\CiudadanosController.php(16): view('')
 4 SYSTEMPATH\CodeIgniter.php(933): App\Controllers\CiudadanosController->registrarCiudadano()
 5 SYSTEMPATH\CodeIgniter.php(509): CodeIgniter\CodeIgniter->runController(Object(App\Controllers\CiudadanosController))
 6 SYSTEMPATH\CodeIgniter.php(355): CodeIgniter\CodeIgniter->handleRequest(null, Object(Config\Cache), false)
 7 SYSTEMPATH\Boot.php(325): CodeIgniter\CodeIgniter->run()
 8 SYSTEMPATH\Boot.php(67): CodeIgniter\Boot::runCodeIgniter(Object(CodeIgniter\CodeIgniter))
 9 FCPATH\index.php(56): CodeIgniter\Boot::bootWeb(Object(Config\Paths))
CRITICAL - 2024-08-25 01:56:29 --> CodeIgniter\View\Exceptions\ViewException: Invalid file: ".php"
[Method: GET, Route: registrarCiudadano]
in SYSTEMPATH\Exceptions\FrameworkException.php on line 41.
 1 SYSTEMPATH\View\View.php(222): CodeIgniter\Exceptions\FrameworkException::forInvalidFile('.php')
 2 SYSTEMPATH\Common.php(1171): CodeIgniter\View\View->render('', [], true)
 3 APPPATH\Controllers\CiudadanosController.php(16): view('')
 4 SYSTEMPATH\CodeIgniter.php(933): App\Controllers\CiudadanosController->registrarCiudadano()
 5 SYSTEMPATH\CodeIgniter.php(509): CodeIgniter\CodeIgniter->runController(Object(App\Controllers\CiudadanosController))
 6 SYSTEMPATH\CodeIgniter.php(355): CodeIgniter\CodeIgniter->handleRequest(null, Object(Config\Cache), false)
 7 SYSTEMPATH\Boot.php(325): CodeIgniter\CodeIgniter->run()
 8 SYSTEMPATH\Boot.php(67): CodeIgniter\Boot::runCodeIgniter(Object(CodeIgniter\CodeIgniter))
 9 FCPATH\index.php(56): CodeIgniter\Boot::bootWeb(Object(Config\Paths))
