CRITICAL - 2024-08-24 18:46:22 --> ErrorException: Undefined array key "region"
[Method: GET, Route: verDepartamentos]
in APPPATH\Views\view_departamentos.php on line 74.
 1 APPPATH\Views\view_departamentos.php(74): CodeIgniter\Debug\Exceptions->errorHandler(2, 'Undefined array key "region"', 'C:\\xampp\\htdocs\\Proyectos2024\\renap\\app\\Views\\view_departamentos.php', 74)
 2 SYSTEMPATH\View\View.php(234): include('C:\\xampp\\htdocs\\Proyectos2024\\renap\\app\\Views\\view_departamentos.php')
 3 SYSTEMPATH\View\View.php(237): CodeIgniter\View\View->CodeIgniter\View\{closure}()
 4 SYSTEMPATH\Common.php(1171): CodeIgniter\View\View->render('view_departamentos', [], true)
 5 APPPATH\Controllers\DepartamentosController.php(12): view('view_departamentos', [...])
 6 SYSTEMPATH\CodeIgniter.php(933): App\Controllers\DepartamentosController->cargarDepartamentos()
 7 SYSTEMPATH\CodeIgniter.php(509): CodeIgniter\CodeIgniter->runController(Object(App\Controllers\DepartamentosController))
 8 SYSTEMPATH\CodeIgniter.php(355): CodeIgniter\CodeIgniter->handleRequest(null, Object(Config\Cache), false)
 9 SYSTEMPATH\Boot.php(325): CodeIgniter\CodeIgniter->run()
10 SYSTEMPATH\Boot.php(67): CodeIgniter\Boot::runCodeIgniter(Object(CodeIgniter\CodeIgniter))
11 FCPATH\index.php(56): CodeIgniter\Boot::bootWeb(Object(Config\Paths))
CRITICAL - 2024-08-24 18:47:11 --> ErrorException: Undefined array key "region"
[Method: GET, Route: verDepartamentos]
in APPPATH\Views\view_departamentos.php on line 74.
 1 APPPATH\Views\view_departamentos.php(74): CodeIgniter\Debug\Exceptions->errorHandler(2, 'Undefined array key "region"', 'C:\\xampp\\htdocs\\Proyectos2024\\renap\\app\\Views\\view_departamentos.php', 74)
 2 SYSTEMPATH\View\View.php(234): include('C:\\xampp\\htdocs\\Proyectos2024\\renap\\app\\Views\\view_departamentos.php')
 3 SYSTEMPATH\View\View.php(237): CodeIgniter\View\View->CodeIgniter\View\{closure}()
 4 SYSTEMPATH\Common.php(1171): CodeIgniter\View\View->render('view_departamentos', [], true)
 5 APPPATH\Controllers\DepartamentosController.php(12): view('view_departamentos', [...])
 6 SYSTEMPATH\CodeIgniter.php(933): App\Controllers\DepartamentosController->cargarDepartamentos()
 7 SYSTEMPATH\CodeIgniter.php(509): CodeIgniter\CodeIgniter->runController(Object(App\Controllers\DepartamentosController))
 8 SYSTEMPATH\CodeIgniter.php(355): CodeIgniter\CodeIgniter->handleRequest(null, Object(Config\Cache), false)
 9 SYSTEMPATH\Boot.php(325): CodeIgniter\CodeIgniter->run()
10 SYSTEMPATH\Boot.php(67): CodeIgniter\Boot::runCodeIgniter(Object(CodeIgniter\CodeIgniter))
11 FCPATH\index.php(56): CodeIgniter\Boot::bootWeb(Object(Config\Paths))
CRITICAL - 2024-08-24 18:47:30 --> ErrorException: Undefined array key "region"
[Method: GET, Route: verDepartamentos]
in APPPATH\Views\view_departamentos.php on line 74.
 1 APPPATH\Views\view_departamentos.php(74): CodeIgniter\Debug\Exceptions->errorHandler(2, 'Undefined array key "region"', 'C:\\xampp\\htdocs\\Proyectos2024\\renap\\app\\Views\\view_departamentos.php', 74)
 2 SYSTEMPATH\View\View.php(234): include('C:\\xampp\\htdocs\\Proyectos2024\\renap\\app\\Views\\view_departamentos.php')
 3 SYSTEMPATH\View\View.php(237): CodeIgniter\View\View->CodeIgniter\View\{closure}()
 4 SYSTEMPATH\Common.php(1171): CodeIgniter\View\View->render('view_departamentos', [], true)
 5 APPPATH\Controllers\DepartamentosController.php(12): view('view_departamentos', [...])
 6 SYSTEMPATH\CodeIgniter.php(933): App\Controllers\DepartamentosController->cargarDepartamentos()
 7 SYSTEMPATH\CodeIgniter.php(509): CodeIgniter\CodeIgniter->runController(Object(App\Controllers\DepartamentosController))
 8 SYSTEMPATH\CodeIgniter.php(355): CodeIgniter\CodeIgniter->handleRequest(null, Object(Config\Cache), false)
 9 SYSTEMPATH\Boot.php(325): CodeIgniter\CodeIgniter->run()
10 SYSTEMPATH\Boot.php(67): CodeIgniter\Boot::runCodeIgniter(Object(CodeIgniter\CodeIgniter))
11 FCPATH\index.php(56): CodeIgniter\Boot::bootWeb(Object(Config\Paths))
CRITICAL - 2024-08-24 23:04:03 --> Error: Call to undefined function App\Controllers\findAll()
[Method: GET, Route: verRegiones]
in APPPATH\Controllers\RegionesController.php on line 11.
 1 SYSTEMPATH\CodeIgniter.php(933): App\Controllers\RegionesController->cargarRegiones()
 2 SYSTEMPATH\CodeIgniter.php(509): CodeIgniter\CodeIgniter->runController(Object(App\Controllers\RegionesController))
 3 SYSTEMPATH\CodeIgniter.php(355): CodeIgniter\CodeIgniter->handleRequest(null, Object(Config\Cache), false)
 4 SYSTEMPATH\Boot.php(325): CodeIgniter\CodeIgniter->run()
 5 SYSTEMPATH\Boot.php(67): CodeIgniter\Boot::runCodeIgniter(Object(CodeIgniter\CodeIgniter))
 6 FCPATH\index.php(56): CodeIgniter\Boot::bootWeb(Object(Config\Paths))
CRITICAL - 2024-08-24 23:04:15 --> Error: Call to undefined function App\Controllers\findAll()
[Method: GET, Route: verRegiones]
in APPPATH\Controllers\RegionesController.php on line 11.
 1 SYSTEMPATH\CodeIgniter.php(933): App\Controllers\RegionesController->cargarRegiones()
 2 SYSTEMPATH\CodeIgniter.php(509): CodeIgniter\CodeIgniter->runController(Object(App\Controllers\RegionesController))
 3 SYSTEMPATH\CodeIgniter.php(355): CodeIgniter\CodeIgniter->handleRequest(null, Object(Config\Cache), false)
 4 SYSTEMPATH\Boot.php(325): CodeIgniter\CodeIgniter->run()
 5 SYSTEMPATH\Boot.php(67): CodeIgniter\Boot::runCodeIgniter(Object(CodeIgniter\CodeIgniter))
 6 FCPATH\index.php(56): CodeIgniter\Boot::bootWeb(Object(Config\Paths))
